# JRE version: OpenJDK Runtime Environment (7.0_79-b14) (build 1.7.0_79-b14)
# Java VM: OpenJDK Server VM (24.79-b02 mixed mode linux-x86 )
Heap
 PSYoungGen      total 126208K, used 1973K [0xa8780000, 0xb0a40000, 0xb3240000)
  eden space 118528K, 0% used [0xa8780000,0xa8780000,0xafb40000)
  from space 7680K, 25% used [0xafb40000,0xafd2d730,0xb02c0000)
  to   space 7424K, 0% used [0xb0300000,0xb0300000,0xb0a40000)
 ParOldGen       total 24576K, used 12711K [0x93240000, 0x94a40000, 0xa8780000)
  object space 24576K, 51% used [0x93240000,0x93ea9da0,0x94a40000)
 PSPermGen       total 36608K, used 18619K [0x8b240000, 0x8d600000, 0x93240000)
  object space 36608K, 50% used [0x8b240000,0x8c46ed68,0x8d600000)
GC Heap History (10 events):
Event: 13.360 GC heap after
Heap after GC invocations=11 (full 0):
 PSYoungGen      total 53504K, used 3548K [0xa8780000, 0xadd80000, 0xb3240000)
  eden space 47616K, 0% used [0xa8780000,0xa8780000,0xab600000)
  from space 5888K, 60% used [0xab600000,0xab977230,0xabbc0000)
  to   space 5888K, 0% used [0xad7c0000,0xad7c0000,0xadd80000)
 ParOldGen       total 20992K, used 10452K [0x93240000, 0x946c0000, 0xa8780000)
  object space 20992K, 49% used [0x93240000,0x93c75128,0x946c0000)
 PSPermGen       total 16384K, used 14565K [0x8b240000, 0x8c240000, 0x93240000)
  object space 16384K, 88% used [0x8b240000,0x8c079700,0x8c240000)
}
Event: 4138.179 GC heap before
{Heap before GC invocations=12 (full 0):
 PSYoungGen      total 53504K, used 51164K [0xa8780000, 0xadd80000, 0xb3240000)
  eden space 47616K, 100% used [0xa8780000,0xab600000,0xab600000)
  from space 5888K, 60% used [0xab600000,0xab977230,0xabbc0000)
  to   space 5888K, 0% used [0xad7c0000,0xad7c0000,0xadd80000)
 ParOldGen       total 20992K, used 10452K [0x93240000, 0x946c0000, 0xa8780000)
  object space 20992K, 49% used [0x93240000,0x93c75128,0x946c0000)
 PSPermGen       total 18176K, used 18040K [0x8b240000, 0x8c400000, 0x93240000)
  object space 18176K, 99% used [0x8b240000,0x8c3de3d8,0x8c400000)
Event: 4138.231 GC heap after
Heap after GC invocations=12 (full 0):
 PSYoungGen      total 79872K, used 5876K [0xa8780000, 0xae200000, 0xb3240000)
  eden space 73984K, 0% used [0xa8780000,0xa8780000,0xacfc0000)
  from space 5888K, 99% used [0xad7c0000,0xadd7d378,0xadd80000)
  to   space 8192K, 0% used [0xacfc0000,0xacfc0000,0xad7c0000)
 ParOldGen       total 20992K, used 14014K [0x93240000, 0x946c0000, 0xa8780000)
  object space 20992K, 66% used [0x93240000,0x93fef828,0x946c0000)
 PSPermGen       total 18176K, used 18040K [0x8b240000, 0x8c400000, 0x93240000)
  object space 18176K, 99% used [0x8b240000,0x8c3de3d8,0x8c400000)
}
Event: 4376.222 GC heap before
{Heap before GC invocations=13 (full 0):
 PSYoungGen      total 79872K, used 79860K [0xa8780000, 0xae200000, 0xb3240000)
  eden space 73984K, 100% used [0xa8780000,0xacfc0000,0xacfc0000)
  from space 5888K, 99% used [0xad7c0000,0xadd7d378,0xadd80000)
  to   space 8192K, 0% used [0xacfc0000,0xacfc0000,0xad7c0000)
 ParOldGen       total 20992K, used 14014K [0x93240000, 0x946c0000, 0xa8780000)
  object space 20992K, 66% used [0x93240000,0x93fef828,0x946c0000)
 PSPermGen       total 18432K, used 18327K [0x8b240000, 0x8c440000, 0x93240000)
  object space 18432K, 99% used [0x8b240000,0x8c425ff0,0x8c440000)
Event: 4376.252 GC heap after
Heap after GC invocations=13 (full 0):
 PSYoungGen      total 82176K, used 1692K [0xa8780000, 0xb0ac0000, 0xb3240000)
  eden space 73984K, 0% used [0xa8780000,0xa8780000,0xacfc0000)
  from space 8192K, 20% used [0xacfc0000,0xad1671e8,0xad7c0000)
  to   space 7936K, 0% used [0xb0300000,0xb0300000,0xb0ac0000)
 ParOldGen       total 20992K, used 17735K [0x93240000, 0x946c0000, 0xa8780000)
  object space 20992K, 84% used [0x93240000,0x94391d08,0x946c0000)
 PSPermGen       total 18432K, used 18327K [0x8b240000, 0x8c440000, 0x93240000)
  object space 18432K, 99% used [0x8b240000,0x8c425ff0,0x8c440000)
}
Event: 4376.252 GC heap before
{Heap before GC invocations=14 (full 1):
 PSYoungGen      total 82176K, used 1692K [0xa8780000, 0xb0ac0000, 0xb3240000)
  eden space 73984K, 0% used [0xa8780000,0xa8780000,0xacfc0000)
  from space 8192K, 20% used [0xacfc0000,0xad1671e8,0xad7c0000)
  to   space 7936K, 0% used [0xb0300000,0xb0300000,0xb0ac0000)
 ParOldGen       total 20992K, used 17735K [0x93240000, 0x946c0000, 0xa8780000)
  object space 20992K, 84% used [0x93240000,0x94391d08,0x946c0000)
 PSPermGen       total 18432K, used 18327K [0x8b240000, 0x8c440000, 0x93240000)
  object space 18432K, 99% used [0x8b240000,0x8c425ff0,0x8c440000)
Event: 4376.479 GC heap after
Heap after GC invocations=14 (full 1):
 PSYoungGen      total 82176K, used 0K [0xa8780000, 0xb0ac0000, 0xb3240000)
  eden space 73984K, 0% used [0xa8780000,0xa8780000,0xacfc0000)
  from space 8192K, 0% used [0xacfc0000,0xacfc0000,0xad7c0000)
  to   space 7936K, 0% used [0xb0300000,0xb0300000,0xb0ac0000)
 ParOldGen       total 24576K, used 11975K [0x93240000, 0x94a40000, 0xa8780000)
  object space 24576K, 48% used [0x93240000,0x93df1fc0,0x94a40000)
 PSPermGen       total 36608K, used 18251K [0x8b240000, 0x8d600000, 0x93240000)
  object space 36608K, 49% used [0x8b240000,0x8c412d60,0x8d600000)
}
Event: 5520.407 GC heap before
{Heap before GC invocations=15 (full 1):
 PSYoungGen      total 82176K, used 73984K [0xa8780000, 0xb0ac0000, 0xb3240000)
  eden space 73984K, 100% used [0xa8780000,0xacfc0000,0xacfc0000)
  from space 8192K, 0% used [0xacfc0000,0xacfc0000,0xad7c0000)
  to   space 7936K, 0% used [0xb0300000,0xb0300000,0xb0ac0000)
 ParOldGen       total 24576K, used 11975K [0x93240000, 0x94a40000, 0xa8780000)
  object space 24576K, 48% used [0x93240000,0x93df1fc0,0x94a40000)
 PSPermGen       total 36608K, used 18440K [0x8b240000, 0x8d600000, 0x93240000)
  object space 36608K, 50% used [0x8b240000,0x8c4421f0,0x8d600000)
Event: 5520.421 GC heap after
Heap after GC invocations=15 (full 1):
 PSYoungGen      total 125952K, used 2211K [0xa8780000, 0xb0a40000, 0xb3240000)
  eden space 118528K, 0% used [0xa8780000,0xa8780000,0xafb40000)
  from space 7424K, 29% used [0xb0300000,0xb0528f80,0xb0a40000)
  to   space 7680K, 0% used [0xafb40000,0xafb40000,0xb02c0000)
 ParOldGen       total 24576K, used 11975K [0x93240000, 0x94a40000, 0xa8780000)
  object space 24576K, 48% used [0x93240000,0x93df1fc0,0x94a40000)
 PSPermGen       total 36608K, used 18440K [0x8b240000, 0x8d600000, 0x93240000)
  object space 36608K, 50% used [0x8b240000,0x8c4421f0,0x8d600000)
}
Event: 5732.448 GC heap before
{Heap before GC invocations=16 (full 1):
 PSYoungGen      total 125952K, used 120739K [0xa8780000, 0xb0a40000, 0xb3240000)
  eden space 118528K, 100% used [0xa8780000,0xafb40000,0xafb40000)
  from space 7424K, 29% used [0xb0300000,0xb0528f80,0xb0a40000)
  to   space 7680K, 0% used [0xafb40000,0xafb40000,0xb02c0000)
 ParOldGen       total 24576K, used 11975K [0x93240000, 0x94a40000, 0xa8780000)
  object space 24576K, 48% used [0x93240000,0x93df1fc0,0x94a40000)
 PSPermGen       total 36608K, used 18619K [0x8b240000, 0x8d600000, 0x93240000)
  object space 36608K, 50% used [0x8b240000,0x8c46ed68,0x8d600000)

