# JRE version: OpenJDK Runtime Environment (7.0_79-b14) (build 1.7.0_79-b14)
# Java VM: OpenJDK Server VM (24.79-b02 mixed mode linux-x86 )
Heap
 PSYoungGen      total 55040K, used 2890K [0xa8840000, 0xac640000, 0xb3300000)
  eden space 48384K, 0% used [0xa8840000,0xa8840000,0xab780000)
  from space 6656K, 43% used [0xab780000,0xaba528a8,0xabe00000)
  to   space 4864K, 0% used [0xabe00000,0xabe00000,0xac2c0000)
 ParOldGen       total 20992K, used 13041K [0x93300000, 0x94780000, 0xa8840000)
  object space 20992K, 62% used [0x93300000,0x93fbc438,0x94780000)
 PSPermGen       total 16896K, used 16798K [0x8b300000, 0x8c380000, 0x93300000)
  object space 16896K, 99% used [0x8b300000,0x8c367a58,0x8c380000)
GC Heap History (10 events):
Event: 4.923 GC heap after
Heap after GC invocations=6 (full 0):
 PSYoungGen      total 18432K, used 1435K [0xa8840000, 0xa9d40000, 0xb3300000)
  eden space 15872K, 0% used [0xa8840000,0xa8840000,0xa97c0000)
  from space 2560K, 56% used [0xa9ac0000,0xa9c26c40,0xa9d40000)
  to   space 2816K, 0% used [0xa97c0000,0xa97c0000,0xa9a80000)
 ParOldGen       total 20992K, used 2692K [0x93300000, 0x94780000, 0xa8840000)
  object space 20992K, 12% used [0x93300000,0x935a1028,0x94780000)
 PSPermGen       total 16384K, used 7372K [0x8b300000, 0x8c300000, 0x93300000)
  object space 16384K, 44% used [0x8b300000,0x8ba332f0,0x8c300000)
}
Event: 5.973 GC heap before
{Heap before GC invocations=7 (full 0):
 PSYoungGen      total 18432K, used 17307K [0xa8840000, 0xa9d40000, 0xb3300000)
  eden space 15872K, 100% used [0xa8840000,0xa97c0000,0xa97c0000)
  from space 2560K, 56% used [0xa9ac0000,0xa9c26c40,0xa9d40000)
  to   space 2816K, 0% used [0xa97c0000,0xa97c0000,0xa9a80000)
 ParOldGen       total 20992K, used 2692K [0x93300000, 0x94780000, 0xa8840000)
  object space 20992K, 12% used [0x93300000,0x935a1028,0x94780000)
 PSPermGen       total 16384K, used 9083K [0x8b300000, 0x8c300000, 0x93300000)
  object space 16384K, 55% used [0x8b300000,0x8bbdee18,0x8c300000)
Event: 5.994 GC heap after
Heap after GC invocations=7 (full 0):
 PSYoungGen      total 18688K, used 2556K [0xa8840000, 0xaad40000, 0xb3300000)
  eden space 15872K, 0% used [0xa8840000,0xa8840000,0xa97c0000)
  from space 2816K, 90% used [0xa97c0000,0xa9a3f0b0,0xa9a80000)
  to   space 3072K, 0% used [0xaaa40000,0xaaa40000,0xaad40000)
 ParOldGen       total 20992K, used 3386K [0x93300000, 0x94780000, 0xa8840000)
  object space 20992K, 16% used [0x93300000,0x9364ea50,0x94780000)
 PSPermGen       total 16384K, used 9083K [0x8b300000, 0x8c300000, 0x93300000)
  object space 16384K, 55% used [0x8b300000,0x8bbdee18,0x8c300000)
}
Event: 9.517 GC heap before
{Heap before GC invocations=8 (full 0):
 PSYoungGen      total 18688K, used 18428K [0xa8840000, 0xaad40000, 0xb3300000)
  eden space 15872K, 100% used [0xa8840000,0xa97c0000,0xa97c0000)
  from space 2816K, 90% used [0xa97c0000,0xa9a3f0b0,0xa9a80000)
  to   space 3072K, 0% used [0xaaa40000,0xaaa40000,0xaad40000)
 ParOldGen       total 20992K, used 3386K [0x93300000, 0x94780000, 0xa8840000)
  object space 20992K, 16% used [0x93300000,0x9364ea50,0x94780000)
 PSPermGen       total 16384K, used 10563K [0x8b300000, 0x8c300000, 0x93300000)
  object space 16384K, 64% used [0x8b300000,0x8bd50ea0,0x8c300000)
Event: 9.527 GC heap after
Heap after GC invocations=8 (full 0):
 PSYoungGen      total 34304K, used 2866K [0xa8840000, 0xaae40000, 0xb3300000)
  eden space 31232K, 0% used [0xa8840000,0xa8840000,0xaa6c0000)
  from space 3072K, 93% used [0xaaa40000,0xaad0c9e0,0xaad40000)
  to   space 3584K, 0% used [0xaa6c0000,0xaa6c0000,0xaaa40000)
 ParOldGen       total 20992K, used 3825K [0x93300000, 0x94780000, 0xa8840000)
  object space 20992K, 18% used [0x93300000,0x936bc650,0x94780000)
 PSPermGen       total 16384K, used 10563K [0x8b300000, 0x8c300000, 0x93300000)
  object space 16384K, 64% used [0x8b300000,0x8bd50ea0,0x8c300000)
}
Event: 10.956 GC heap before
{Heap before GC invocations=9 (full 0):
 PSYoungGen      total 34304K, used 34098K [0xa8840000, 0xaae40000, 0xb3300000)
  eden space 31232K, 100% used [0xa8840000,0xaa6c0000,0xaa6c0000)
  from space 3072K, 93% used [0xaaa40000,0xaad0c9e0,0xaad40000)
  to   space 3584K, 0% used [0xaa6c0000,0xaa6c0000,0xaaa40000)
 ParOldGen       total 20992K, used 3825K [0x93300000, 0x94780000, 0xa8840000)
  object space 20992K, 18% used [0x93300000,0x936bc650,0x94780000)
 PSPermGen       total 16384K, used 13971K [0x8b300000, 0x8c300000, 0x93300000)
  object space 16384K, 85% used [0x8b300000,0x8c0a4f08,0x8c300000)
Event: 10.989 GC heap after
Heap after GC invocations=9 (full 0):
 PSYoungGen      total 34816K, used 3575K [0xa8840000, 0xac2c0000, 0xb3300000)
  eden space 31232K, 0% used [0xa8840000,0xa8840000,0xaa6c0000)
  from space 3584K, 99% used [0xaa6c0000,0xaaa3ddb8,0xaaa40000)
  to   space 4864K, 0% used [0xabe00000,0xabe00000,0xac2c0000)
 ParOldGen       total 20992K, used 5901K [0x93300000, 0x94780000, 0xa8840000)
  object space 20992K, 28% used [0x93300000,0x938c3560,0x94780000)
 PSPermGen       total 16384K, used 13971K [0x8b300000, 0x8c300000, 0x93300000)
  object space 16384K, 85% used [0x8b300000,0x8c0a4f08,0x8c300000)
}
Event: 366.044 GC heap before
{Heap before GC invocations=10 (full 0):
 PSYoungGen      total 34816K, used 34807K [0xa8840000, 0xac2c0000, 0xb3300000)
  eden space 31232K, 100% used [0xa8840000,0xaa6c0000,0xaa6c0000)
  from space 3584K, 99% used [0xaa6c0000,0xaaa3ddb8,0xaaa40000)
  to   space 4864K, 0% used [0xabe00000,0xabe00000,0xac2c0000)
 ParOldGen       total 20992K, used 5901K [0x93300000, 0x94780000, 0xa8840000)
  object space 20992K, 28% used [0x93300000,0x938c3560,0x94780000)
 PSPermGen       total 16384K, used 15778K [0x8b300000, 0x8c300000, 0x93300000)
  object space 16384K, 96% used [0x8b300000,0x8c268a90,0x8c300000)
Event: 366.076 GC heap after
Heap after GC invocations=10 (full 0):
 PSYoungGen      total 53248K, used 4859K [0xa8840000, 0xac640000, 0xb3300000)
  eden space 48384K, 0% used [0xa8840000,0xa8840000,0xab780000)
  from space 4864K, 99% used [0xabe00000,0xac2beee0,0xac2c0000)
  to   space 6656K, 0% used [0xab780000,0xab780000,0xabe00000)
 ParOldGen       total 20992K, used 8715K [0x93300000, 0x94780000, 0xa8840000)
  object space 20992K, 41% used [0x93300000,0x93b82d38,0x94780000)
 PSPermGen       total 16384K, used 15778K [0x8b300000, 0x8c300000, 0x93300000)
  object space 16384K, 96% used [0x8b300000,0x8c268a90,0x8c300000)
}
Event: 368.881 GC heap before
{Heap before GC invocations=11 (full 0):
 PSYoungGen      total 53248K, used 53243K [0xa8840000, 0xac640000, 0xb3300000)
  eden space 48384K, 100% used [0xa8840000,0xab780000,0xab780000)
  from space 4864K, 99% used [0xabe00000,0xac2beee0,0xac2c0000)
  to   space 6656K, 0% used [0xab780000,0xab780000,0xabe00000)
 ParOldGen       total 20992K, used 8715K [0x93300000, 0x94780000, 0xa8840000)
  object space 20992K, 41% used [0x93300000,0x93b82d38,0x94780000)
 PSPermGen       total 16896K, used 16798K [0x8b300000, 0x8c380000, 0x93300000)
  object space 16896K, 99% used [0x8b300000,0x8c367a58,0x8c380000)

