# JRE version: OpenJDK Runtime Environment (7.0_79-b14) (build 1.7.0_79-b14)
# Java VM: OpenJDK Server VM (24.79-b02 mixed mode linux-x86 )
Heap
 PSYoungGen      total 18176K, used 2153K [0xa8800000, 0xa9c00000, 0xb32c0000)
  eden space 15872K, 0% used [0xa8800000,0xa8800000,0xa9780000)
  from space 2304K, 93% used [0xa9780000,0xa999a4f0,0xa99c0000)
  to   space 2304K, 0% used [0xa99c0000,0xa99c0000,0xa9c00000)
 ParOldGen       total 20992K, used 2561K [0x932c0000, 0x94740000, 0xa8800000)
  object space 20992K, 12% used [0x932c0000,0x935404d0,0x94740000)
 PSPermGen       total 16384K, used 8575K [0x8b2c0000, 0x8c2c0000, 0x932c0000)
  object space 16384K, 52% used [0x8b2c0000,0x8bb1fef0,0x8c2c0000)
GC Heap History (10 events):
Event: 42.126 GC heap after
Heap after GC invocations=2 (full 0):
 PSYoungGen      total 9216K, used 1265K [0xa8800000, 0xa9240000, 0xb32c0000)
  eden space 7936K, 0% used [0xa8800000,0xa8800000,0xa8fc0000)
  from space 1280K, 98% used [0xa9100000,0xa923c770,0xa9240000)
  to   space 1280K, 0% used [0xa8fc0000,0xa8fc0000,0xa9100000)
 ParOldGen       total 20992K, used 817K [0x932c0000, 0x94740000, 0xa8800000)
  object space 20992K, 3% used [0x932c0000,0x9338c5a8,0x94740000)
 PSPermGen       total 16384K, used 5013K [0x8b2c0000, 0x8c2c0000, 0x932c0000)
  object space 16384K, 30% used [0x8b2c0000,0x8b7a55a0,0x8c2c0000)
}
Event: 68.907 GC heap before
{Heap before GC invocations=3 (full 0):
 PSYoungGen      total 9216K, used 9193K [0xa8800000, 0xa9240000, 0xb32c0000)
  eden space 7936K, 99% used [0xa8800000,0xa8fbdf68,0xa8fc0000)
  from space 1280K, 98% used [0xa9100000,0xa923c770,0xa9240000)
  to   space 1280K, 0% used [0xa8fc0000,0xa8fc0000,0xa9100000)
 ParOldGen       total 20992K, used 817K [0x932c0000, 0x94740000, 0xa8800000)
  object space 20992K, 3% used [0x932c0000,0x9338c5a8,0x94740000)
 PSPermGen       total 16384K, used 6529K [0x8b2c0000, 0x8c2c0000, 0x932c0000)
  object space 16384K, 39% used [0x8b2c0000,0x8b9204a8,0x8c2c0000)
Event: 69.283 GC heap after
Heap after GC invocations=3 (full 0):
 PSYoungGen      total 9216K, used 1274K [0xa8800000, 0xa9240000, 0xb32c0000)
  eden space 7936K, 0% used [0xa8800000,0xa8800000,0xa8fc0000)
  from space 1280K, 99% used [0xa8fc0000,0xa90feb70,0xa9100000)
  to   space 1280K, 0% used [0xa9100000,0xa9100000,0xa9240000)
 ParOldGen       total 20992K, used 1507K [0x932c0000, 0x94740000, 0xa8800000)
  object space 20992K, 7% used [0x932c0000,0x93438fb8,0x94740000)
 PSPermGen       total 16384K, used 6529K [0x8b2c0000, 0x8c2c0000, 0x932c0000)
  object space 16384K, 39% used [0x8b2c0000,0x8b9204a8,0x8c2c0000)
}
Event: 69.314 GC heap before
{Heap before GC invocations=4 (full 0):
 PSYoungGen      total 9216K, used 9189K [0xa8800000, 0xa9240000, 0xb32c0000)
  eden space 7936K, 99% used [0xa8800000,0xa8fbaa28,0xa8fc0000)
  from space 1280K, 99% used [0xa8fc0000,0xa90feb70,0xa9100000)
  to   space 1280K, 0% used [0xa9100000,0xa9100000,0xa9240000)
 ParOldGen       total 20992K, used 1507K [0x932c0000, 0x94740000, 0xa8800000)
  object space 20992K, 7% used [0x932c0000,0x93438fb8,0x94740000)
 PSPermGen       total 16384K, used 6529K [0x8b2c0000, 0x8c2c0000, 0x932c0000)
  object space 16384K, 39% used [0x8b2c0000,0x8b9204a8,0x8c2c0000)
Event: 69.318 GC heap after
Heap after GC invocations=4 (full 0):
 PSYoungGen      total 9216K, used 1219K [0xa8800000, 0xa9a00000, 0xb32c0000)
  eden space 7936K, 0% used [0xa8800000,0xa8800000,0xa8fc0000)
  from space 1280K, 95% used [0xa9100000,0xa9230ed0,0xa9240000)
  to   space 1280K, 0% used [0xa8fc0000,0xa8fc0000,0xa9100000)
 ParOldGen       total 20992K, used 1571K [0x932c0000, 0x94740000, 0xa8800000)
  object space 20992K, 7% used [0x932c0000,0x93448fc8,0x94740000)
 PSPermGen       total 16384K, used 6529K [0x8b2c0000, 0x8c2c0000, 0x932c0000)
  object space 16384K, 39% used [0x8b2c0000,0x8b9204a8,0x8c2c0000)
}
Event: 69.323 GC heap before
{Heap before GC invocations=5 (full 0):
 PSYoungGen      total 9216K, used 9153K [0xa8800000, 0xa9a00000, 0xb32c0000)
  eden space 7936K, 99% used [0xa8800000,0xa8fbf760,0xa8fc0000)
  from space 1280K, 95% used [0xa9100000,0xa9230ed0,0xa9240000)
  to   space 1280K, 0% used [0xa8fc0000,0xa8fc0000,0xa9100000)
 ParOldGen       total 20992K, used 1571K [0x932c0000, 0x94740000, 0xa8800000)
  object space 20992K, 7% used [0x932c0000,0x93448fc8,0x94740000)
 PSPermGen       total 16384K, used 6529K [0x8b2c0000, 0x8c2c0000, 0x932c0000)
  object space 16384K, 39% used [0x8b2c0000,0x8b9204a8,0x8c2c0000)
Event: 69.327 GC heap after
Heap after GC invocations=5 (full 0):
 PSYoungGen      total 9216K, used 1276K [0xa8800000, 0xa9c00000, 0xb32c0000)
  eden space 7936K, 0% used [0xa8800000,0xa8800000,0xa8fc0000)
  from space 1280K, 99% used [0xa8fc0000,0xa90ff2c8,0xa9100000)
  to   space 2304K, 0% used [0xa99c0000,0xa99c0000,0xa9c00000)
 ParOldGen       total 20992K, used 1599K [0x932c0000, 0x94740000, 0xa8800000)
  object space 20992K, 7% used [0x932c0000,0x9344ffc8,0x94740000)
 PSPermGen       total 16384K, used 6529K [0x8b2c0000, 0x8c2c0000, 0x932c0000)
  object space 16384K, 39% used [0x8b2c0000,0x8b9204a8,0x8c2c0000)
}
Event: 74.928 GC heap before
{Heap before GC invocations=6 (full 0):
 PSYoungGen      total 9216K, used 9212K [0xa8800000, 0xa9c00000, 0xb32c0000)
  eden space 7936K, 100% used [0xa8800000,0xa8fc0000,0xa8fc0000)
  from space 1280K, 99% used [0xa8fc0000,0xa90ff2c8,0xa9100000)
  to   space 2304K, 0% used [0xa99c0000,0xa99c0000,0xa9c00000)
 ParOldGen       total 20992K, used 1599K [0x932c0000, 0x94740000, 0xa8800000)
  object space 20992K, 7% used [0x932c0000,0x9344ffc8,0x94740000)
 PSPermGen       total 16384K, used 7706K [0x8b2c0000, 0x8c2c0000, 0x932c0000)
  object space 16384K, 47% used [0x8b2c0000,0x8ba46b88,0x8c2c0000)
Event: 75.312 GC heap after
Heap after GC invocations=6 (full 0):
 PSYoungGen      total 18176K, used 1949K [0xa8800000, 0xa9c00000, 0xb32c0000)
  eden space 15872K, 0% used [0xa8800000,0xa8800000,0xa9780000)
  from space 2304K, 84% used [0xa99c0000,0xa9ba7758,0xa9c00000)
  to   space 2304K, 0% used [0xa9780000,0xa9780000,0xa99c0000)
 ParOldGen       total 20992K, used 1599K [0x932c0000, 0x94740000, 0xa8800000)
  object space 20992K, 7% used [0x932c0000,0x9344ffc8,0x94740000)
 PSPermGen       total 16384K, used 7706K [0x8b2c0000, 0x8c2c0000, 0x932c0000)
  object space 16384K, 47% used [0x8b2c0000,0x8ba46b88,0x8c2c0000)
}
Event: 245.296 GC heap before
{Heap before GC invocations=7 (full 0):
 PSYoungGen      total 18176K, used 17821K [0xa8800000, 0xa9c00000, 0xb32c0000)
  eden space 15872K, 100% used [0xa8800000,0xa9780000,0xa9780000)
  from space 2304K, 84% used [0xa99c0000,0xa9ba7758,0xa9c00000)
  to   space 2304K, 0% used [0xa9780000,0xa9780000,0xa99c0000)
 ParOldGen       total 20992K, used 1599K [0x932c0000, 0x94740000, 0xa8800000)
  object space 20992K, 7% used [0x932c0000,0x9344ffc8,0x94740000)
 PSPermGen       total 16384K, used 8575K [0x8b2c0000, 0x8c2c0000, 0x932c0000)
  object space 16384K, 52% used [0x8b2c0000,0x8bb1fef0,0x8c2c0000)

