# JRE version: OpenJDK Runtime Environment (7.0_79-b14) (build 1.7.0_79-b14)
# Java VM: OpenJDK Server VM (24.79-b02 mixed mode linux-x86 )
Heap
 PSYoungGen      total 67840K, used 7152K [0xa8840000, 0xad340000, 0xb3300000)
  eden space 60672K, 0% used [0xa8840000,0xa8840000,0xac380000)
  from space 7168K, 99% used [0xac380000,0xaca7c058,0xaca80000)
  to   space 5376K, 0% used [0xaca80000,0xaca80000,0xacfc0000)
 ParOldGen       total 20992K, used 12342K [0x93300000, 0x94780000, 0xa8840000)
  object space 20992K, 58% used [0x93300000,0x93f0d890,0x94780000)
 PSPermGen       total 17664K, used 17639K [0x8b300000, 0x8c440000, 0x93300000)
  object space 17664K, 99% used [0x8b300000,0x8c439e78,0x8c440000)
GC Heap History (10 events):
Event: 5.071 GC heap after
Heap after GC invocations=4 (full 0):
 PSYoungGen      total 17152K, used 1265K [0xa8840000, 0xa9a40000, 0xb3300000)
  eden space 15872K, 0% used [0xa8840000,0xa8840000,0xa97c0000)
  from space 1280K, 98% used [0xa9900000,0xa9a3c708,0xa9a40000)
  to   space 1280K, 0% used [0xa97c0000,0xa97c0000,0xa9900000)
 ParOldGen       total 20992K, used 2649K [0x93300000, 0x94780000, 0xa8840000)
  object space 20992K, 12% used [0x93300000,0x935965a0,0x94780000)
 PSPermGen       total 16384K, used 7276K [0x8b300000, 0x8c300000, 0x93300000)
  object space 16384K, 44% used [0x8b300000,0x8ba1b028,0x8c300000)
}
Event: 5.125 GC heap before
{Heap before GC invocations=5 (full 0):
 PSYoungGen      total 17152K, used 17137K [0xa8840000, 0xa9a40000, 0xb3300000)
  eden space 15872K, 100% used [0xa8840000,0xa97c0000,0xa97c0000)
  from space 1280K, 98% used [0xa9900000,0xa9a3c708,0xa9a40000)
  to   space 1280K, 0% used [0xa97c0000,0xa97c0000,0xa9900000)
 ParOldGen       total 20992K, used 2649K [0x93300000, 0x94780000, 0xa8840000)
  object space 20992K, 12% used [0x93300000,0x935965a0,0x94780000)
 PSPermGen       total 16384K, used 7371K [0x8b300000, 0x8c300000, 0x93300000)
  object space 16384K, 44% used [0x8b300000,0x8ba32ee8,0x8c300000)
Event: 5.131 GC heap after
Heap after GC invocations=5 (full 0):
 PSYoungGen      total 17152K, used 1277K [0xa8840000, 0xaad40000, 0xb3300000)
  eden space 15872K, 0% used [0xa8840000,0xa8840000,0xa97c0000)
  from space 1280K, 99% used [0xa97c0000,0xa98ff528,0xa9900000)
  to   space 3072K, 0% used [0xaaa40000,0xaaa40000,0xaad40000)
 ParOldGen       total 20992K, used 2822K [0x93300000, 0x94780000, 0xa8840000)
  object space 20992K, 13% used [0x93300000,0x935c1ab0,0x94780000)
 PSPermGen       total 16384K, used 7371K [0x8b300000, 0x8c300000, 0x93300000)
  object space 16384K, 44% used [0x8b300000,0x8ba32ee8,0x8c300000)
}
Event: 5.953 GC heap before
{Heap before GC invocations=6 (full 0):
 PSYoungGen      total 17152K, used 17149K [0xa8840000, 0xaad40000, 0xb3300000)
  eden space 15872K, 100% used [0xa8840000,0xa97c0000,0xa97c0000)
  from space 1280K, 99% used [0xa97c0000,0xa98ff528,0xa9900000)
  to   space 3072K, 0% used [0xaaa40000,0xaaa40000,0xaad40000)
 ParOldGen       total 20992K, used 2822K [0x93300000, 0x94780000, 0xa8840000)
  object space 20992K, 13% used [0x93300000,0x935c1ab0,0x94780000)
 PSPermGen       total 16384K, used 9083K [0x8b300000, 0x8c300000, 0x93300000)
  object space 16384K, 55% used [0x8b300000,0x8bbdec60,0x8c300000)
Event: 5.965 GC heap after
Heap after GC invocations=6 (full 0):
 PSYoungGen      total 34304K, used 3064K [0xa8840000, 0xaae40000, 0xb3300000)
  eden space 31232K, 0% used [0xa8840000,0xa8840000,0xaa6c0000)
  from space 3072K, 99% used [0xaaa40000,0xaad3e230,0xaad40000)
  to   space 3584K, 0% used [0xaa6c0000,0xaa6c0000,0xaaa40000)
 ParOldGen       total 20992K, used 2994K [0x93300000, 0x94780000, 0xa8840000)
  object space 20992K, 14% used [0x93300000,0x935ecb80,0x94780000)
 PSPermGen       total 16384K, used 9083K [0x8b300000, 0x8c300000, 0x93300000)
  object space 16384K, 55% used [0x8b300000,0x8bbdec60,0x8c300000)
}
Event: 10.038 GC heap before
{Heap before GC invocations=7 (full 0):
 PSYoungGen      total 34304K, used 33591K [0xa8840000, 0xaae40000, 0xb3300000)
  eden space 31232K, 97% used [0xa8840000,0xaa60fab8,0xaa6c0000)
  from space 3072K, 99% used [0xaaa40000,0xaad3e230,0xaad40000)
  to   space 3584K, 0% used [0xaa6c0000,0xaa6c0000,0xaaa40000)
 ParOldGen       total 20992K, used 2994K [0x93300000, 0x94780000, 0xa8840000)
  object space 20992K, 14% used [0x93300000,0x935ecb80,0x94780000)
 PSPermGen       total 16384K, used 11921K [0x8b300000, 0x8c300000, 0x93300000)
  object space 16384K, 72% used [0x8b300000,0x8bea4590,0x8c300000)
Event: 10.155 GC heap after
Heap after GC invocations=7 (full 0):
 PSYoungGen      total 34816K, used 3570K [0xa8840000, 0xacfc0000, 0xb3300000)
  eden space 31232K, 0% used [0xa8840000,0xa8840000,0xaa6c0000)
  from space 3584K, 99% used [0xaa6c0000,0xaaa3cb20,0xaaa40000)
  to   space 5376K, 0% used [0xaca80000,0xaca80000,0xacfc0000)
 ParOldGen       total 20992K, used 5664K [0x93300000, 0x94780000, 0xa8840000)
  object space 20992K, 26% used [0x93300000,0x938880d8,0x94780000)
 PSPermGen       total 16384K, used 11921K [0x8b300000, 0x8c300000, 0x93300000)
  object space 16384K, 72% used [0x8b300000,0x8bea4590,0x8c300000)
}
Event: 99.930 GC heap before
{Heap before GC invocations=8 (full 0):
 PSYoungGen      total 34816K, used 34802K [0xa8840000, 0xacfc0000, 0xb3300000)
  eden space 31232K, 100% used [0xa8840000,0xaa6c0000,0xaa6c0000)
  from space 3584K, 99% used [0xaa6c0000,0xaaa3cb20,0xaaa40000)
  to   space 5376K, 0% used [0xaca80000,0xaca80000,0xacfc0000)
 ParOldGen       total 20992K, used 5664K [0x93300000, 0x94780000, 0xa8840000)
  object space 20992K, 26% used [0x93300000,0x938880d8,0x94780000)
 PSPermGen       total 16384K, used 15175K [0x8b300000, 0x8c300000, 0x93300000)
  object space 16384K, 92% used [0x8b300000,0x8c1d1f08,0x8c300000)
Event: 99.969 GC heap after
Heap after GC invocations=8 (full 0):
 PSYoungGen      total 66048K, used 5366K [0xa8840000, 0xad340000, 0xb3300000)
  eden space 60672K, 0% used [0xa8840000,0xa8840000,0xac380000)
  from space 5376K, 99% used [0xaca80000,0xacfbdbc8,0xacfc0000)
  to   space 7168K, 0% used [0xac380000,0xac380000,0xaca80000)
 ParOldGen       total 20992K, used 7727K [0x93300000, 0x94780000, 0xa8840000)
  object space 20992K, 36% used [0x93300000,0x93a8bff0,0x94780000)
 PSPermGen       total 16384K, used 15175K [0x8b300000, 0x8c300000, 0x93300000)
  object space 16384K, 92% used [0x8b300000,0x8c1d1f08,0x8c300000)
}
Event: 103.350 GC heap before
{Heap before GC invocations=9 (full 0):
 PSYoungGen      total 66048K, used 66038K [0xa8840000, 0xad340000, 0xb3300000)
  eden space 60672K, 100% used [0xa8840000,0xac380000,0xac380000)
  from space 5376K, 99% used [0xaca80000,0xacfbdbc8,0xacfc0000)
  to   space 7168K, 0% used [0xac380000,0xac380000,0xaca80000)
 ParOldGen       total 20992K, used 7727K [0x93300000, 0x94780000, 0xa8840000)
  object space 20992K, 36% used [0x93300000,0x93a8bff0,0x94780000)
 PSPermGen       total 17664K, used 17639K [0x8b300000, 0x8c440000, 0x93300000)
  object space 17664K, 99% used [0x8b300000,0x8c439e78,0x8c440000)

