# JRE version: OpenJDK Runtime Environment (7.0_79-b14) (build 1.7.0_79-b14)
# Java VM: OpenJDK Server VM (24.79-b02 mixed mode linux-x86 )
Heap
 PSYoungGen      total 34560K, used 3319K [0xa8840000, 0xaadc0000, 0xb3300000)
  eden space 31232K, 0% used [0xa8840000,0xa8840000,0xaa6c0000)
  from space 3328K, 99% used [0xaa6c0000,0xaa9fdef8,0xaaa00000)
  to   space 2816K, 0% used [0xaaa00000,0xaaa00000,0xaacc0000)
 ParOldGen       total 20992K, used 5404K [0x93300000, 0x94780000, 0xa8840000)
  object space 20992K, 25% used [0x93300000,0x938472e0,0x94780000)
 PSPermGen       total 16384K, used 11232K [0x8b300000, 0x8c300000, 0x93300000)
  object space 16384K, 68% used [0x8b300000,0x8bdf82c8,0x8c300000)
GC Heap History (10 events):
Event: 17.190 GC heap after
Heap after GC invocations=4 (full 0):
 PSYoungGen      total 9216K, used 1264K [0xa8840000, 0xa9280000, 0xb3300000)
  eden space 7936K, 0% used [0xa8840000,0xa8840000,0xa9000000)
  from space 1280K, 98% used [0xa9140000,0xa927c130,0xa9280000)
  to   space 1280K, 0% used [0xa9000000,0xa9000000,0xa9140000)
 ParOldGen       total 20992K, used 2681K [0x93300000, 0x94780000, 0xa8840000)
  object space 20992K, 12% used [0x93300000,0x9359e7e0,0x94780000)
 PSPermGen       total 16384K, used 7278K [0x8b300000, 0x8c300000, 0x93300000)
  object space 16384K, 44% used [0x8b300000,0x8ba1b808,0x8c300000)
}
Event: 17.197 GC heap before
{Heap before GC invocations=5 (full 0):
 PSYoungGen      total 9216K, used 9168K [0xa8840000, 0xa9280000, 0xb3300000)
  eden space 7936K, 99% used [0xa8840000,0xa8ff8268,0xa9000000)
  from space 1280K, 98% used [0xa9140000,0xa927c130,0xa9280000)
  to   space 1280K, 0% used [0xa9000000,0xa9000000,0xa9140000)
 ParOldGen       total 20992K, used 2681K [0x93300000, 0x94780000, 0xa8840000)
  object space 20992K, 12% used [0x93300000,0x9359e7e0,0x94780000)
 PSPermGen       total 16384K, used 7278K [0x8b300000, 0x8c300000, 0x93300000)
  object space 16384K, 44% used [0x8b300000,0x8ba1b808,0x8c300000)
Event: 17.206 GC heap after
Heap after GC invocations=5 (full 0):
 PSYoungGen      total 9216K, used 1279K [0xa8840000, 0xa9cc0000, 0xb3300000)
  eden space 7936K, 0% used [0xa8840000,0xa8840000,0xa9000000)
  from space 1280K, 99% used [0xa9000000,0xa913fcc0,0xa9140000)
  to   space 2560K, 0% used [0xa9a40000,0xa9a40000,0xa9cc0000)
 ParOldGen       total 20992K, used 2689K [0x93300000, 0x94780000, 0xa8840000)
  object space 20992K, 12% used [0x93300000,0x935a07f0,0x94780000)
 PSPermGen       total 16384K, used 7278K [0x8b300000, 0x8c300000, 0x93300000)
  object space 16384K, 44% used [0x8b300000,0x8ba1b808,0x8c300000)
}
Event: 17.212 GC heap before
{Heap before GC invocations=6 (full 0):
 PSYoungGen      total 9216K, used 9166K [0xa8840000, 0xa9cc0000, 0xb3300000)
  eden space 7936K, 99% used [0xa8840000,0xa8ff3db0,0xa9000000)
  from space 1280K, 99% used [0xa9000000,0xa913fcc0,0xa9140000)
  to   space 2560K, 0% used [0xa9a40000,0xa9a40000,0xa9cc0000)
 ParOldGen       total 20992K, used 2689K [0x93300000, 0x94780000, 0xa8840000)
  object space 20992K, 12% used [0x93300000,0x935a07f0,0x94780000)
 PSPermGen       total 16384K, used 7278K [0x8b300000, 0x8c300000, 0x93300000)
  object space 16384K, 44% used [0x8b300000,0x8ba1b808,0x8c300000)
Event: 17.222 GC heap after
Heap after GC invocations=6 (full 0):
 PSYoungGen      total 18432K, used 1463K [0xa8840000, 0xa9cc0000, 0xb3300000)
  eden space 15872K, 0% used [0xa8840000,0xa8840000,0xa97c0000)
  from space 2560K, 57% used [0xa9a40000,0xa9badc08,0xa9cc0000)
  to   space 2560K, 0% used [0xa97c0000,0xa97c0000,0xa9a40000)
 ParOldGen       total 20992K, used 2689K [0x93300000, 0x94780000, 0xa8840000)
  object space 20992K, 12% used [0x93300000,0x935a07f0,0x94780000)
 PSPermGen       total 16384K, used 7278K [0x8b300000, 0x8c300000, 0x93300000)
  object space 16384K, 44% used [0x8b300000,0x8ba1b808,0x8c300000)
}
Event: 18.869 GC heap before
{Heap before GC invocations=7 (full 0):
 PSYoungGen      total 18432K, used 17335K [0xa8840000, 0xa9cc0000, 0xb3300000)
  eden space 15872K, 100% used [0xa8840000,0xa97c0000,0xa97c0000)
  from space 2560K, 57% used [0xa9a40000,0xa9badc08,0xa9cc0000)
  to   space 2560K, 0% used [0xa97c0000,0xa97c0000,0xa9a40000)
 ParOldGen       total 20992K, used 2689K [0x93300000, 0x94780000, 0xa8840000)
  object space 20992K, 12% used [0x93300000,0x935a07f0,0x94780000)
 PSPermGen       total 16384K, used 9053K [0x8b300000, 0x8c300000, 0x93300000)
  object space 16384K, 55% used [0x8b300000,0x8bbd76a8,0x8c300000)
Event: 18.885 GC heap after
Heap after GC invocations=7 (full 0):
 PSYoungGen      total 18432K, used 2396K [0xa8840000, 0xaacc0000, 0xb3300000)
  eden space 15872K, 0% used [0xa8840000,0xa8840000,0xa97c0000)
  from space 2560K, 93% used [0xa97c0000,0xa9a173b0,0xa9a40000)
  to   space 2816K, 0% used [0xaaa00000,0xaaa00000,0xaacc0000)
 ParOldGen       total 20992K, used 3512K [0x93300000, 0x94780000, 0xa8840000)
  object space 20992K, 16% used [0x93300000,0x9366e058,0x94780000)
 PSPermGen       total 16384K, used 9053K [0x8b300000, 0x8c300000, 0x93300000)
  object space 16384K, 55% used [0x8b300000,0x8bbd76a8,0x8c300000)
}
Event: 27.084 GC heap before
{Heap before GC invocations=8 (full 0):
 PSYoungGen      total 18432K, used 18268K [0xa8840000, 0xaacc0000, 0xb3300000)
  eden space 15872K, 100% used [0xa8840000,0xa97c0000,0xa97c0000)
  from space 2560K, 93% used [0xa97c0000,0xa9a173b0,0xa9a40000)
  to   space 2816K, 0% used [0xaaa00000,0xaaa00000,0xaacc0000)
 ParOldGen       total 20992K, used 3512K [0x93300000, 0x94780000, 0xa8840000)
  object space 20992K, 16% used [0x93300000,0x9366e058,0x94780000)
 PSPermGen       total 16384K, used 9994K [0x8b300000, 0x8c300000, 0x93300000)
  object space 16384K, 60% used [0x8b300000,0x8bcc28a0,0x8c300000)
Event: 27.211 GC heap after
Heap after GC invocations=8 (full 0):
 PSYoungGen      total 34048K, used 2809K [0xa8840000, 0xaadc0000, 0xb3300000)
  eden space 31232K, 0% used [0xa8840000,0xa8840000,0xaa6c0000)
  from space 2816K, 99% used [0xaaa00000,0xaacbe728,0xaacc0000)
  to   space 3328K, 0% used [0xaa6c0000,0xaa6c0000,0xaaa00000)
 ParOldGen       total 20992K, used 4147K [0x93300000, 0x94780000, 0xa8840000)
  object space 20992K, 19% used [0x93300000,0x9370cf38,0x94780000)
 PSPermGen       total 16384K, used 9994K [0x8b300000, 0x8c300000, 0x93300000)
  object space 16384K, 60% used [0x8b300000,0x8bcc28a0,0x8c300000)
}
Event: 34.293 GC heap before
{Heap before GC invocations=9 (full 0):
 PSYoungGen      total 34048K, used 34041K [0xa8840000, 0xaadc0000, 0xb3300000)
  eden space 31232K, 100% used [0xa8840000,0xaa6c0000,0xaa6c0000)
  from space 2816K, 99% used [0xaaa00000,0xaacbe728,0xaacc0000)
  to   space 3328K, 0% used [0xaa6c0000,0xaa6c0000,0xaaa00000)
 ParOldGen       total 20992K, used 4147K [0x93300000, 0x94780000, 0xa8840000)
  object space 20992K, 19% used [0x93300000,0x9370cf38,0x94780000)
 PSPermGen       total 16384K, used 11232K [0x8b300000, 0x8c300000, 0x93300000)
  object space 16384K, 68% used [0x8b300000,0x8bdf82c8,0x8c300000)

