# JRE version: OpenJDK Runtime Environment (7.0_79-b14) (build 1.7.0_79-b14)
# Java VM: OpenJDK Server VM (24.79-b02 mixed mode linux-x86 )
Heap
 PSYoungGen      total 84736K, used 1767K [0xa8880000, 0xae200000, 0xb3340000)
  eden space 77824K, 0% used [0xa8880000,0xa8880000,0xad480000)
  from space 6912K, 25% used [0xad480000,0xad639de0,0xadb40000)
  to   space 6656K, 0% used [0xadb80000,0xadb80000,0xae200000)
 ParOldGen       total 20992K, used 18316K [0x93340000, 0x947c0000, 0xa8880000)
  object space 20992K, 87% used [0x93340000,0x945232b8,0x947c0000)
 PSPermGen       total 18688K, used 18498K [0x8b340000, 0x8c580000, 0x93340000)
  object space 18688K, 98% used [0x8b340000,0x8c550b58,0x8c580000)
GC Heap History (10 events):
Event: 7.932 GC heap after
Heap after GC invocations=8 (full 0):
 PSYoungGen      total 34304K, used 3058K [0xa8880000, 0xaae80000, 0xb3340000)
  eden space 31232K, 0% used [0xa8880000,0xa8880000,0xaa700000)
  from space 3072K, 99% used [0xaaa80000,0xaad7ca30,0xaad80000)
  to   space 3584K, 0% used [0xaa700000,0xaa700000,0xaaa80000)
 ParOldGen       total 20992K, used 4134K [0x93340000, 0x947c0000, 0xa8880000)
  object space 20992K, 19% used [0x93340000,0x93749ae8,0x947c0000)
 PSPermGen       total 16384K, used 9959K [0x8b340000, 0x8c340000, 0x93340000)
  object space 16384K, 60% used [0x8b340000,0x8bcf9e40,0x8c340000)
}
Event: 89.475 GC heap before
{Heap before GC invocations=9 (full 0):
 PSYoungGen      total 34304K, used 34290K [0xa8880000, 0xaae80000, 0xb3340000)
  eden space 31232K, 100% used [0xa8880000,0xaa700000,0xaa700000)
  from space 3072K, 99% used [0xaaa80000,0xaad7ca30,0xaad80000)
  to   space 3584K, 0% used [0xaa700000,0xaa700000,0xaaa80000)
 ParOldGen       total 20992K, used 4134K [0x93340000, 0x947c0000, 0xa8880000)
  object space 20992K, 19% used [0x93340000,0x93749ae8,0x947c0000)
 PSPermGen       total 16384K, used 10919K [0x8b340000, 0x8c340000, 0x93340000)
  object space 16384K, 66% used [0x8b340000,0x8bde9d48,0x8c340000)
Event: 89.533 GC heap after
Heap after GC invocations=9 (full 0):
 PSYoungGen      total 34816K, used 3581K [0xa8880000, 0xac300000, 0xb3340000)
  eden space 31232K, 0% used [0xa8880000,0xa8880000,0xaa700000)
  from space 3584K, 99% used [0xaa700000,0xaaa7f778,0xaaa80000)
  to   space 4864K, 0% used [0xabe40000,0xabe40000,0xac300000)
 ParOldGen       total 20992K, used 6310K [0x93340000, 0x947c0000, 0xa8880000)
  object space 20992K, 30% used [0x93340000,0x93969ab8,0x947c0000)
 PSPermGen       total 16384K, used 10919K [0x8b340000, 0x8c340000, 0x93340000)
  object space 16384K, 66% used [0x8b340000,0x8bde9d48,0x8c340000)
}
Event: 91.313 GC heap before
{Heap before GC invocations=10 (full 0):
 PSYoungGen      total 34816K, used 34813K [0xa8880000, 0xac300000, 0xb3340000)
  eden space 31232K, 100% used [0xa8880000,0xaa700000,0xaa700000)
  from space 3584K, 99% used [0xaa700000,0xaaa7f778,0xaaa80000)
  to   space 4864K, 0% used [0xabe40000,0xabe40000,0xac300000)
 ParOldGen       total 20992K, used 6310K [0x93340000, 0x947c0000, 0xa8880000)
  object space 20992K, 30% used [0x93340000,0x93969ab8,0x947c0000)
 PSPermGen       total 16384K, used 13520K [0x8b340000, 0x8c340000, 0x93340000)
  object space 16384K, 82% used [0x8b340000,0x8c074160,0x8c340000)
Event: 91.356 GC heap after
Heap after GC invocations=10 (full 0):
 PSYoungGen      total 53504K, used 4848K [0xa8880000, 0xac600000, 0xb3340000)
  eden space 48640K, 0% used [0xa8880000,0xa8880000,0xab800000)
  from space 4864K, 99% used [0xabe40000,0xac2fc108,0xac300000)
  to   space 6400K, 0% used [0xab800000,0xab800000,0xabe40000)
 ParOldGen       total 20992K, used 8725K [0x93340000, 0x947c0000, 0xa8880000)
  object space 20992K, 41% used [0x93340000,0x93bc5538,0x947c0000)
 PSPermGen       total 16384K, used 13520K [0x8b340000, 0x8c340000, 0x93340000)
  object space 16384K, 82% used [0x8b340000,0x8c074160,0x8c340000)
}
Event: 96.382 GC heap before
{Heap before GC invocations=11 (full 0):
 PSYoungGen      total 53504K, used 53488K [0xa8880000, 0xac600000, 0xb3340000)
  eden space 48640K, 100% used [0xa8880000,0xab800000,0xab800000)
  from space 4864K, 99% used [0xabe40000,0xac2fc108,0xac300000)
  to   space 6400K, 0% used [0xab800000,0xab800000,0xabe40000)
 ParOldGen       total 20992K, used 8725K [0x93340000, 0x947c0000, 0xa8880000)
  object space 20992K, 41% used [0x93340000,0x93bc5538,0x947c0000)
 PSPermGen       total 17152K, used 17055K [0x8b340000, 0x8c400000, 0x93340000)
  object space 17152K, 99% used [0x8b340000,0x8c3e7cb8,0x8c400000)
Event: 96.427 GC heap after
Heap after GC invocations=11 (full 0):
 PSYoungGen      total 55040K, used 5653K [0xa8880000, 0xae280000, 0xb3340000)
  eden space 48640K, 0% used [0xa8880000,0xa8880000,0xab800000)
  from space 6400K, 88% used [0xab800000,0xabd85778,0xabe40000)
  to   space 7168K, 0% used [0xadb80000,0xadb80000,0xae280000)
 ParOldGen       total 20992K, used 12850K [0x93340000, 0x947c0000, 0xa8880000)
  object space 20992K, 61% used [0x93340000,0x93fcc970,0x947c0000)
 PSPermGen       total 17152K, used 17055K [0x8b340000, 0x8c400000, 0x93340000)
  object space 17152K, 99% used [0x8b340000,0x8c3e7cb8,0x8c400000)
}
Event: 570.236 GC heap before
{Heap before GC invocations=12 (full 0):
 PSYoungGen      total 55040K, used 54293K [0xa8880000, 0xae280000, 0xb3340000)
  eden space 48640K, 100% used [0xa8880000,0xab800000,0xab800000)
  from space 6400K, 88% used [0xab800000,0xabd85778,0xabe40000)
  to   space 7168K, 0% used [0xadb80000,0xadb80000,0xae280000)
 ParOldGen       total 20992K, used 12850K [0x93340000, 0x947c0000, 0xa8880000)
  object space 20992K, 61% used [0x93340000,0x93fcc970,0x947c0000)
 PSPermGen       total 18432K, used 18189K [0x8b340000, 0x8c540000, 0x93340000)
  object space 18432K, 98% used [0x8b340000,0x8c5035e0,0x8c540000)
Event: 570.466 GC heap after
Heap after GC invocations=12 (full 0):
 PSYoungGen      total 84480K, used 3763K [0xa8880000, 0xae200000, 0xb3340000)
  eden space 77824K, 0% used [0xa8880000,0xa8880000,0xad480000)
  from space 6656K, 56% used [0xadb80000,0xadf2cdc8,0xae200000)
  to   space 6912K, 0% used [0xad480000,0xad480000,0xadb40000)
 ParOldGen       total 20992K, used 16392K [0x93340000, 0x947c0000, 0xa8880000)
  object space 20992K, 78% used [0x93340000,0x94342150,0x947c0000)
 PSPermGen       total 18432K, used 18189K [0x8b340000, 0x8c540000, 0x93340000)
  object space 18432K, 98% used [0x8b340000,0x8c5035e0,0x8c540000)
}
Event: 899.313 GC heap before
{Heap before GC invocations=13 (full 0):
 PSYoungGen      total 84480K, used 81587K [0xa8880000, 0xae200000, 0xb3340000)
  eden space 77824K, 100% used [0xa8880000,0xad480000,0xad480000)
  from space 6656K, 56% used [0xadb80000,0xadf2cdc8,0xae200000)
  to   space 6912K, 0% used [0xad480000,0xad480000,0xadb40000)
 ParOldGen       total 20992K, used 16392K [0x93340000, 0x947c0000, 0xa8880000)
  object space 20992K, 78% used [0x93340000,0x94342150,0x947c0000)
 PSPermGen       total 18688K, used 18498K [0x8b340000, 0x8c580000, 0x93340000)
  object space 18688K, 98% used [0x8b340000,0x8c550b58,0x8c580000)

