# JRE version: OpenJDK Runtime Environment (7.0_79-b14) (build 1.7.0_79-b14)
# Java VM: OpenJDK Server VM (24.79-b02 mixed mode linux-x86 )
Heap
 PSYoungGen      total 66304K, used 6904K [0xa8780000, 0xad000000, 0xb3240000)
  eden space 59392K, 0% used [0xa8780000,0xa8780000,0xac180000)
  from space 6912K, 99% used [0xac180000,0xac83e1a0,0xac840000)
  to   space 5888K, 0% used [0xac840000,0xac840000,0xace00000)
 ParOldGen       total 20992K, used 13139K [0x93240000, 0x946c0000, 0xa8780000)
  object space 20992K, 62% used [0x93240000,0x93f14cf8,0x946c0000)
 PSPermGen       total 17664K, used 17648K [0x8b240000, 0x8c380000, 0x93240000)
  object space 17664K, 99% used [0x8b240000,0x8c37c0a0,0x8c380000)
GC Heap History (10 events):
Event: 6.760 GC heap after
Heap after GC invocations=4 (full 0):
 PSYoungGen      total 17152K, used 1277K [0xa8780000, 0xaa900000, 0xb3240000)
  eden space 15872K, 0% used [0xa8780000,0xa8780000,0xa9700000)
  from space 1280K, 99% used [0xa9840000,0xa997f488,0xa9980000)
  to   space 1280K, 0% used [0xa9700000,0xa9700000,0xa9840000)
 ParOldGen       total 20992K, used 2230K [0x93240000, 0x946c0000, 0xa8780000)
  object space 20992K, 10% used [0x93240000,0x9346d9d0,0x946c0000)
 PSPermGen       total 16384K, used 7706K [0x8b240000, 0x8c240000, 0x93240000)
  object space 16384K, 47% used [0x8b240000,0x8b9c6b50,0x8c240000)
}
Event: 8.034 GC heap before
{Heap before GC invocations=5 (full 0):
 PSYoungGen      total 17152K, used 17149K [0xa8780000, 0xaa900000, 0xb3240000)
  eden space 15872K, 100% used [0xa8780000,0xa9700000,0xa9700000)
  from space 1280K, 99% used [0xa9840000,0xa997f488,0xa9980000)
  to   space 1280K, 0% used [0xa9700000,0xa9700000,0xa9840000)
 ParOldGen       total 20992K, used 2230K [0x93240000, 0x946c0000, 0xa8780000)
  object space 20992K, 10% used [0x93240000,0x9346d9d0,0x946c0000)
 PSPermGen       total 16384K, used 8577K [0x8b240000, 0x8c240000, 0x93240000)
  object space 16384K, 52% used [0x8b240000,0x8baa0420,0x8c240000)
Event: 8.046 GC heap after
Heap after GC invocations=5 (full 0):
 PSYoungGen      total 17152K, used 1277K [0xa8780000, 0xaac00000, 0xb3240000)
  eden space 15872K, 0% used [0xa8780000,0xa8780000,0xa9700000)
  from space 1280K, 99% used [0xa9700000,0xa983f438,0xa9840000)
  to   space 2816K, 0% used [0xaa940000,0xaa940000,0xaac00000)
 ParOldGen       total 20992K, used 3866K [0x93240000, 0x946c0000, 0xa8780000)
  object space 20992K, 18% used [0x93240000,0x93606a40,0x946c0000)
 PSPermGen       total 16384K, used 8577K [0x8b240000, 0x8c240000, 0x93240000)
  object space 16384K, 52% used [0x8b240000,0x8baa0420,0x8c240000)
}
Event: 9.043 GC heap before
{Heap before GC invocations=6 (full 0):
 PSYoungGen      total 17152K, used 17149K [0xa8780000, 0xaac00000, 0xb3240000)
  eden space 15872K, 100% used [0xa8780000,0xa9700000,0xa9700000)
  from space 1280K, 99% used [0xa9700000,0xa983f438,0xa9840000)
  to   space 2816K, 0% used [0xaa940000,0xaa940000,0xaac00000)
 ParOldGen       total 20992K, used 3866K [0x93240000, 0x946c0000, 0xa8780000)
  object space 20992K, 18% used [0x93240000,0x93606a40,0x946c0000)
 PSPermGen       total 16384K, used 9445K [0x8b240000, 0x8c240000, 0x93240000)
  object space 16384K, 57% used [0x8b240000,0x8bb796b8,0x8c240000)
Event: 9.074 GC heap after
Heap after GC invocations=6 (full 0):
 PSYoungGen      total 33024K, used 2805K [0xa8780000, 0xaaf00000, 0xb3240000)
  eden space 30208K, 0% used [0xa8780000,0xa8780000,0xaa500000)
  from space 2816K, 99% used [0xaa940000,0xaabfd7f8,0xaac00000)
  to   space 4352K, 0% used [0xaa500000,0xaa500000,0xaa940000)
 ParOldGen       total 20992K, used 5866K [0x93240000, 0x946c0000, 0xa8780000)
  object space 20992K, 27% used [0x93240000,0x937fa9d8,0x946c0000)
 PSPermGen       total 16384K, used 9445K [0x8b240000, 0x8c240000, 0x93240000)
  object space 16384K, 57% used [0x8b240000,0x8bb796b8,0x8c240000)
}
Event: 11.111 GC heap before
{Heap before GC invocations=7 (full 0):
 PSYoungGen      total 33024K, used 33013K [0xa8780000, 0xaaf00000, 0xb3240000)
  eden space 30208K, 100% used [0xa8780000,0xaa500000,0xaa500000)
  from space 2816K, 99% used [0xaa940000,0xaabfd7f8,0xaac00000)
  to   space 4352K, 0% used [0xaa500000,0xaa500000,0xaa940000)
 ParOldGen       total 20992K, used 5866K [0x93240000, 0x946c0000, 0xa8780000)
  object space 20992K, 27% used [0x93240000,0x937fa9d8,0x946c0000)
 PSPermGen       total 16384K, used 11619K [0x8b240000, 0x8c240000, 0x93240000)
  object space 16384K, 70% used [0x8b240000,0x8bd98f10,0x8c240000)
Event: 11.135 GC heap after
Heap after GC invocations=7 (full 0):
 PSYoungGen      total 34560K, used 4336K [0xa8780000, 0xace00000, 0xb3240000)
  eden space 30208K, 0% used [0xa8780000,0xa8780000,0xaa500000)
  from space 4352K, 99% used [0xaa500000,0xaa93c050,0xaa940000)
  to   space 5888K, 0% used [0xac840000,0xac840000,0xace00000)
 ParOldGen       total 20992K, used 7283K [0x93240000, 0x946c0000, 0xa8780000)
  object space 20992K, 34% used [0x93240000,0x9395cfd8,0x946c0000)
 PSPermGen       total 16384K, used 11619K [0x8b240000, 0x8c240000, 0x93240000)
  object space 16384K, 70% used [0x8b240000,0x8bd98f10,0x8c240000)
}
Event: 13.932 GC heap before
{Heap before GC invocations=8 (full 0):
 PSYoungGen      total 34560K, used 34544K [0xa8780000, 0xace00000, 0xb3240000)
  eden space 30208K, 100% used [0xa8780000,0xaa500000,0xaa500000)
  from space 4352K, 99% used [0xaa500000,0xaa93c050,0xaa940000)
  to   space 5888K, 0% used [0xac840000,0xac840000,0xace00000)
 ParOldGen       total 20992K, used 7283K [0x93240000, 0x946c0000, 0xa8780000)
  object space 20992K, 34% used [0x93240000,0x9395cfd8,0x946c0000)
 PSPermGen       total 16384K, used 13404K [0x8b240000, 0x8c240000, 0x93240000)
  object space 16384K, 81% used [0x8b240000,0x8bf57058,0x8c240000)
Event: 13.971 GC heap after
Heap after GC invocations=8 (full 0):
 PSYoungGen      total 65280K, used 5879K [0xa8780000, 0xad000000, 0xb3240000)
  eden space 59392K, 0% used [0xa8780000,0xa8780000,0xac180000)
  from space 5888K, 99% used [0xac840000,0xacdfddf8,0xace00000)
  to   space 6912K, 0% used [0xac180000,0xac180000,0xac840000)
 ParOldGen       total 20992K, used 7914K [0x93240000, 0x946c0000, 0xa8780000)
  object space 20992K, 37% used [0x93240000,0x939fa9e0,0x946c0000)
 PSPermGen       total 16384K, used 13404K [0x8b240000, 0x8c240000, 0x93240000)
  object space 16384K, 81% used [0x8b240000,0x8bf57058,0x8c240000)
}
Event: 687.878 GC heap before
{Heap before GC invocations=9 (full 0):
 PSYoungGen      total 65280K, used 65271K [0xa8780000, 0xad000000, 0xb3240000)
  eden space 59392K, 100% used [0xa8780000,0xac180000,0xac180000)
  from space 5888K, 99% used [0xac840000,0xacdfddf8,0xace00000)
  to   space 6912K, 0% used [0xac180000,0xac180000,0xac840000)
 ParOldGen       total 20992K, used 7914K [0x93240000, 0x946c0000, 0xa8780000)
  object space 20992K, 37% used [0x93240000,0x939fa9e0,0x946c0000)
 PSPermGen       total 17664K, used 17648K [0x8b240000, 0x8c380000, 0x93240000)
  object space 17664K, 99% used [0x8b240000,0x8c37c0a0,0x8c380000)

