# JRE version: OpenJDK Runtime Environment (7.0_79-b14) (build 1.7.0_79-b14)
# Java VM: OpenJDK Server VM (24.79-b02 mixed mode linux-x86 )
Heap
 PSYoungGen      total 105472K, used 1685K [0xa8880000, 0xafd40000, 0xb3340000)
  eden space 94464K, 0% used [0xa8880000,0xa8880000,0xae4c0000)
  from space 11008K, 15% used [0xae4c0000,0xae665698,0xaef80000)
  to   space 7936K, 0% used [0xaef80000,0xaef80000,0xaf740000)
 ParOldGen       total 22272K, used 22044K [0x93340000, 0x94900000, 0xa8880000)
  object space 22272K, 98% used [0x93340000,0x948c70e0,0x94900000)
 PSPermGen       total 18432K, used 18306K [0x8b340000, 0x8c540000, 0x93340000)
  object space 18432K, 99% used [0x8b340000,0x8c520ae8,0x8c540000)
GC Heap History (10 events):
Event: 6.397 GC heap after
Heap after GC invocations=6 (full 0):
 PSYoungGen      total 33280K, used 2293K [0xa8880000, 0xaad80000, 0xb3340000)
  eden space 30976K, 0% used [0xa8880000,0xa8880000,0xaa6c0000)
  from space 2304K, 99% used [0xaa9c0000,0xaabfd4f0,0xaac00000)
  to   space 3072K, 0% used [0xaa6c0000,0xaa6c0000,0xaa9c0000)
 ParOldGen       total 20992K, used 3261K [0x93340000, 0x947c0000, 0xa8880000)
  object space 20992K, 15% used [0x93340000,0x9366f658,0x947c0000)
 PSPermGen       total 16384K, used 8608K [0x8b340000, 0x8c340000, 0x93340000)
  object space 16384K, 52% used [0x8b340000,0x8bba8348,0x8c340000)
}
Event: 8.039 GC heap before
{Heap before GC invocations=7 (full 0):
 PSYoungGen      total 33280K, used 33269K [0xa8880000, 0xaad80000, 0xb3340000)
  eden space 30976K, 100% used [0xa8880000,0xaa6c0000,0xaa6c0000)
  from space 2304K, 99% used [0xaa9c0000,0xaabfd4f0,0xaac00000)
  to   space 3072K, 0% used [0xaa6c0000,0xaa6c0000,0xaa9c0000)
 ParOldGen       total 20992K, used 3261K [0x93340000, 0x947c0000, 0xa8880000)
  object space 20992K, 15% used [0x93340000,0x9366f658,0x947c0000)
 PSPermGen       total 16384K, used 9987K [0x8b340000, 0x8c340000, 0x93340000)
  object space 16384K, 60% used [0x8b340000,0x8bd00e18,0x8c340000)
Event: 8.062 GC heap after
Heap after GC invocations=7 (full 0):
 PSYoungGen      total 34048K, used 3059K [0xa8880000, 0xace80000, 0xb3340000)
  eden space 30976K, 0% used [0xa8880000,0xa8880000,0xaa6c0000)
  from space 3072K, 99% used [0xaa6c0000,0xaa9bcfe8,0xaa9c0000)
  to   space 4864K, 0% used [0xac9c0000,0xac9c0000,0xace80000)
 ParOldGen       total 20992K, used 6046K [0x93340000, 0x947c0000, 0xa8880000)
  object space 20992K, 28% used [0x93340000,0x93927ae0,0x947c0000)
 PSPermGen       total 16384K, used 9987K [0x8b340000, 0x8c340000, 0x93340000)
  object space 16384K, 60% used [0x8b340000,0x8bd00e18,0x8c340000)
}
Event: 9.055 GC heap before
{Heap before GC invocations=8 (full 0):
 PSYoungGen      total 34048K, used 34035K [0xa8880000, 0xace80000, 0xb3340000)
  eden space 30976K, 100% used [0xa8880000,0xaa6c0000,0xaa6c0000)
  from space 3072K, 99% used [0xaa6c0000,0xaa9bcfe8,0xaa9c0000)
  to   space 4864K, 0% used [0xac9c0000,0xac9c0000,0xace80000)
 ParOldGen       total 20992K, used 6046K [0x93340000, 0x947c0000, 0xa8880000)
  object space 20992K, 28% used [0x93340000,0x93927ae0,0x947c0000)
 PSPermGen       total 16384K, used 12244K [0x8b340000, 0x8c340000, 0x93340000)
  object space 16384K, 74% used [0x8b340000,0x8bf35380,0x8c340000)
Event: 9.083 GC heap after
Heap after GC invocations=8 (full 0):
 PSYoungGen      total 65792K, used 4859K [0xa8880000, 0xad080000, 0xb3340000)
  eden space 60928K, 0% used [0xa8880000,0xa8880000,0xac400000)
  from space 4864K, 99% used [0xac9c0000,0xace7ee68,0xace80000)
  to   space 5888K, 0% used [0xac400000,0xac400000,0xac9c0000)
 ParOldGen       total 20992K, used 6298K [0x93340000, 0x947c0000, 0xa8880000)
  object space 20992K, 30% used [0x93340000,0x939668b8,0x947c0000)
 PSPermGen       total 16384K, used 12244K [0x8b340000, 0x8c340000, 0x93340000)
  object space 16384K, 74% used [0x8b340000,0x8bf35380,0x8c340000)
}
Event: 11.442 GC heap before
{Heap before GC invocations=9 (full 0):
 PSYoungGen      total 65792K, used 65787K [0xa8880000, 0xad080000, 0xb3340000)
  eden space 60928K, 100% used [0xa8880000,0xac400000,0xac400000)
  from space 4864K, 99% used [0xac9c0000,0xace7ee68,0xace80000)
  to   space 5888K, 0% used [0xac400000,0xac400000,0xac9c0000)
 ParOldGen       total 20992K, used 6298K [0x93340000, 0x947c0000, 0xa8880000)
  object space 20992K, 30% used [0x93340000,0x939668b8,0x947c0000)
 PSPermGen       total 16384K, used 14537K [0x8b340000, 0x8c340000, 0x93340000)
  object space 16384K, 88% used [0x8b340000,0x8c172618,0x8c340000)
Event: 11.485 GC heap after
Heap after GC invocations=9 (full 0):
 PSYoungGen      total 66816K, used 5885K [0xa8880000, 0xaf740000, 0xb3340000)
  eden space 60928K, 0% used [0xa8880000,0xa8880000,0xac400000)
  from space 5888K, 99% used [0xac400000,0xac9bf680,0xac9c0000)
  to   space 7936K, 0% used [0xaef80000,0xaef80000,0xaf740000)
 ParOldGen       total 20992K, used 9009K [0x93340000, 0x947c0000, 0xa8880000)
  object space 20992K, 42% used [0x93340000,0x93c0c5c8,0x947c0000)
 PSPermGen       total 16384K, used 14537K [0x8b340000, 0x8c340000, 0x93340000)
  object space 16384K, 88% used [0x8b340000,0x8c172618,0x8c340000)
}
Event: 156.657 GC heap before
{Heap before GC invocations=10 (full 0):
 PSYoungGen      total 66816K, used 66813K [0xa8880000, 0xaf740000, 0xb3340000)
  eden space 60928K, 100% used [0xa8880000,0xac400000,0xac400000)
  from space 5888K, 99% used [0xac400000,0xac9bf680,0xac9c0000)
  to   space 7936K, 0% used [0xaef80000,0xaef80000,0xaf740000)
 ParOldGen       total 20992K, used 9009K [0x93340000, 0x947c0000, 0xa8880000)
  object space 20992K, 42% used [0x93340000,0x93c0c5c8,0x947c0000)
 PSPermGen       total 18176K, used 18158K [0x8b340000, 0x8c500000, 0x93340000)
  object space 18176K, 99% used [0x8b340000,0x8c4fbba0,0x8c500000)
Event: 156.757 GC heap after
Heap after GC invocations=10 (full 0):
 PSYoungGen      total 102400K, used 7935K [0xa8880000, 0xafd40000, 0xb3340000)
  eden space 94464K, 0% used [0xa8880000,0xa8880000,0xae4c0000)
  from space 7936K, 99% used [0xaef80000,0xaf73fc00,0xaf740000)
  to   space 11008K, 0% used [0xae4c0000,0xae4c0000,0xaef80000)
 ParOldGen       total 20992K, used 14121K [0x93340000, 0x947c0000, 0xa8880000)
  object space 20992K, 67% used [0x93340000,0x9410a5e8,0x947c0000)
 PSPermGen       total 18176K, used 18158K [0x8b340000, 0x8c500000, 0x93340000)
  object space 18176K, 99% used [0x8b340000,0x8c4fbba0,0x8c500000)
}
Event: 277.811 GC heap before
{Heap before GC invocations=11 (full 0):
 PSYoungGen      total 102400K, used 102399K [0xa8880000, 0xafd40000, 0xb3340000)
  eden space 94464K, 100% used [0xa8880000,0xae4c0000,0xae4c0000)
  from space 7936K, 99% used [0xaef80000,0xaf73fc00,0xaf740000)
  to   space 11008K, 0% used [0xae4c0000,0xae4c0000,0xaef80000)
 ParOldGen       total 20992K, used 14121K [0x93340000, 0x947c0000, 0xa8880000)
  object space 20992K, 67% used [0x93340000,0x9410a5e8,0x947c0000)
 PSPermGen       total 18432K, used 18306K [0x8b340000, 0x8c540000, 0x93340000)
  object space 18432K, 99% used [0x8b340000,0x8c520ae8,0x8c540000)

